<?xml version="1.0" encoding="UTF-8"?>
<!-- Generated by org.testng.reporters.JUnitXMLReporter -->
<testsuite ignored="1" hostname="SourabhMishra" failures="0" tests="2" name="Default test" time="13.77" errors="0" timestamp="2024-04-23T23:18:09 IST">
  <testcase classname="REQRES.Day02_Trello" name="createTrello" time="12.326"/>
  <testcase classname="REQRES.Day02_Trello" name="GetaBoard" time="1.242"/>
  <testcase classname="REQRES.Day02_Trello" name="delete" time="0.0">
    <ignored/>
  </testcase> <!-- delete -->
</testsuite> <!-- Default test -->
